<?xml version="1.0" encoding="UTF-8"?>
<!-- Generated by org.testng.reporters.JUnitXMLReporter -->
<testsuite ignored="4" hostname="LTIN193185" failures="0" tests="11" name="Test" time="93.209" errors="0" timestamp="2024-03-04T13:19:40 IST">
  <testcase classname="TestCases.TC_01WebDevelopmentCourses" name="search" time="8.364"/>
  <testcase classname="TestCases.TC_01WebDevelopmentCourses" name="filters" time="3.487"/>
  <testcase classname="TestCases.TC_01WebDevelopmentCourses" name="courses" time="5.646"/>
  <testcase classname="TestCases.TC_01WebDevelopmentCourses" name="firstcourse" time="0.121"/>
  <testcase classname="TestCases.TC_01WebDevelopmentCourses" name="secondcourse" time="0.155"/>
  <testcase classname="TestCases.TC_02LanguageLearning" name="lang_learn" time="6.865"/>
  <testcase classname="TestCases.TC_02LanguageLearning" name="levels" time="1.122"/>
  <testcase classname="TestCases.TC_02LanguageLearning" name="languages" time="3.941"/>
  <testcase classname="TestCases.TC_02LanguageLearning" name="enterprise" time="26.958"/>
  <testcase classname="TestCases.TC_03FillingForm" name="form" time="4.523"/>
  <testcase classname="TestCases.TC_03FillingForm" name="error_msg" time="0.221"/>
  <testcase classname="factory.BaseClass" name="@AfterTest close_browser" time="0.0">
    <ignored/>
  </testcase> <!-- @AfterTest close_browser -->
  <testcase classname="factory.BaseClass" name="@AfterTest close_browser" time="0.0">
    <ignored/>
  </testcase> <!-- @AfterTest close_browser -->
  <testcase classname="factory.BaseClass" name="@BeforeTest driver_setup" time="0.0">
    <ignored/>
  </testcase> <!-- @BeforeTest driver_setup -->
  <testcase classname="factory.BaseClass" name="@BeforeTest driver_setup" time="0.0">
    <ignored/>
  </testcase> <!-- @BeforeTest driver_setup -->
</testsuite> <!-- Test -->
